<?xml version="1.0" encoding="UTF-8"?>
<testng-results skipped="0" failed="0" ignored="0" total="10" passed="10">
  <reporter-output>
  </reporter-output>
  <suite name="Default suite" duration-ms="174529" started-at="2020-01-18T11:25:07Z" finished-at="2020-01-18T11:28:01Z">
    <groups>
    </groups>
    <test name="Default test" duration-ms="174529" started-at="2020-01-18T11:25:07Z" finished-at="2020-01-18T11:28:01Z">
      <class name="test.TestDataProvider">
        <test-method status="PASS" signature="test1(java.lang.String, java.lang.String)[pri:0, instance:test.TestDataProvider@7cd62f43]" name="test1" duration-ms="16986" started-at="2020-01-18T16:55:08Z" data-provider="getData1" finished-at="2020-01-18T16:55:25Z">
          <params>
            <param index="0">
              <value>
                <![CDATA[USer1]]>
              </value>
            </param>
            <param index="1">
              <value>
                <![CDATA[Password1]]>
              </value>
            </param>
          </params>
          <reporter-output>
          </reporter-output>
        </test-method> <!-- test1 -->
        <test-method status="PASS" signature="test1(java.lang.String, java.lang.String)[pri:0, instance:test.TestDataProvider@7cd62f43]" name="test1" duration-ms="17455" started-at="2020-01-18T16:55:25Z" data-provider="getData1" finished-at="2020-01-18T16:55:43Z">
          <params>
            <param index="0">
              <value>
                <![CDATA[USer2]]>
              </value>
            </param>
            <param index="1">
              <value>
                <![CDATA[Password2]]>
              </value>
            </param>
          </params>
          <reporter-output>
          </reporter-output>
        </test-method> <!-- test1 -->
        <test-method status="PASS" signature="test1(java.lang.String, java.lang.String)[pri:0, instance:test.TestDataProvider@7cd62f43]" name="test1" duration-ms="12417" started-at="2020-01-18T16:55:43Z" data-provider="getData1" finished-at="2020-01-18T16:55:55Z">
          <params>
            <param index="0">
              <value>
                <![CDATA[USer3]]>
              </value>
            </param>
            <param index="1">
              <value>
                <![CDATA[Password3]]>
              </value>
            </param>
          </params>
          <reporter-output>
          </reporter-output>
        </test-method> <!-- test1 -->
        <test-method status="PASS" signature="test1(java.lang.String, java.lang.String)[pri:0, instance:test.TestDataProvider@7cd62f43]" name="test1" duration-ms="16087" started-at="2020-01-18T16:55:55Z" data-provider="getData1" finished-at="2020-01-18T16:56:11Z">
          <params>
            <param index="0">
              <value>
                <![CDATA[USer4]]>
              </value>
            </param>
            <param index="1">
              <value>
                <![CDATA[Password4]]>
              </value>
            </param>
          </params>
          <reporter-output>
          </reporter-output>
        </test-method> <!-- test1 -->
        <test-method status="PASS" signature="test1(java.lang.String, java.lang.String)[pri:0, instance:test.TestDataProvider@7cd62f43]" name="test1" duration-ms="18629" started-at="2020-01-18T16:56:11Z" data-provider="getData1" finished-at="2020-01-18T16:56:30Z">
          <params>
            <param index="0">
              <value>
                <![CDATA[USer5]]>
              </value>
            </param>
            <param index="1">
              <value>
                <![CDATA[Password5]]>
              </value>
            </param>
          </params>
          <reporter-output>
          </reporter-output>
        </test-method> <!-- test1 -->
        <test-method status="PASS" signature="test1(java.lang.String, java.lang.String)[pri:0, instance:test.TestDataProvider@7cd62f43]" name="test1" duration-ms="18506" started-at="2020-01-18T16:56:30Z" data-provider="getData1" finished-at="2020-01-18T16:56:49Z">
          <params>
            <param index="0">
              <value>
                <![CDATA[USer6]]>
              </value>
            </param>
            <param index="1">
              <value>
                <![CDATA[Password6]]>
              </value>
            </param>
          </params>
          <reporter-output>
          </reporter-output>
        </test-method> <!-- test1 -->
        <test-method status="PASS" signature="test1(java.lang.String, java.lang.String)[pri:0, instance:test.TestDataProvider@7cd62f43]" name="test1" duration-ms="22440" started-at="2020-01-18T16:56:49Z" data-provider="getData1" finished-at="2020-01-18T16:57:11Z">
          <params>
            <param index="0">
              <value>
                <![CDATA[USer7]]>
              </value>
            </param>
            <param index="1">
              <value>
                <![CDATA[Password7]]>
              </value>
            </param>
          </params>
          <reporter-output>
          </reporter-output>
        </test-method> <!-- test1 -->
        <test-method status="PASS" signature="test1(java.lang.String, java.lang.String)[pri:0, instance:test.TestDataProvider@7cd62f43]" name="test1" duration-ms="13109" started-at="2020-01-18T16:57:11Z" data-provider="getData1" finished-at="2020-01-18T16:57:24Z">
          <params>
            <param index="0">
              <value>
                <![CDATA[USer8]]>
              </value>
            </param>
            <param index="1">
              <value>
                <![CDATA[Password8]]>
              </value>
            </param>
          </params>
          <reporter-output>
          </reporter-output>
        </test-method> <!-- test1 -->
        <test-method status="PASS" signature="test1(java.lang.String, java.lang.String)[pri:0, instance:test.TestDataProvider@7cd62f43]" name="test1" duration-ms="21572" started-at="2020-01-18T16:57:24Z" data-provider="getData1" finished-at="2020-01-18T16:57:46Z">
          <params>
            <param index="0">
              <value>
                <![CDATA[USer9]]>
              </value>
            </param>
            <param index="1">
              <value>
                <![CDATA[Password9]]>
              </value>
            </param>
          </params>
          <reporter-output>
          </reporter-output>
        </test-method> <!-- test1 -->
        <test-method status="PASS" signature="test1(java.lang.String, java.lang.String)[pri:0, instance:test.TestDataProvider@7cd62f43]" name="test1" duration-ms="15771" started-at="2020-01-18T16:57:46Z" data-provider="getData1" finished-at="2020-01-18T16:58:01Z">
          <params>
            <param index="0">
              <value>
                <![CDATA[USer10]]>
              </value>
            </param>
            <param index="1">
              <value>
                <![CDATA[Password10]]>
              </value>
            </param>
          </params>
          <reporter-output>
          </reporter-output>
        </test-method> <!-- test1 -->
      </class> <!-- test.TestDataProvider -->
    </test> <!-- Default test -->
  </suite> <!-- Default suite -->
</testng-results>
