<?xml version="1.0" encoding="UTF-8"?>
<testng-results skipped="0" failed="0" ignored="0" total="2" passed="2">
  <reporter-output>
  </reporter-output>
  <suite name="Suite" duration-ms="56259" started-at="2020-01-26T09:12:48Z" finished-at="2020-01-26T09:13:44Z">
    <groups>
    </groups>
    <test name="Test" duration-ms="56259" started-at="2020-01-26T09:12:48Z" finished-at="2020-01-26T09:13:44Z">
      <class name="samplePackage.FirstMavenClass">
        <test-method status="PASS" signature="test1()[pri:0, instance:samplePackage.FirstMavenClass@3fb6a447]" name="test1" duration-ms="18" started-at="2020-01-26T14:42:48Z" finished-at="2020-01-26T14:42:48Z">
          <reporter-output>
          </reporter-output>
        </test-method> <!-- test1 -->
        <test-method status="PASS" signature="test2()[pri:0, instance:samplePackage.FirstMavenClass@3fb6a447]" name="test2" duration-ms="56098" started-at="2020-01-26T14:42:48Z" finished-at="2020-01-26T14:43:44Z">
          <reporter-output>
          </reporter-output>
        </test-method> <!-- test2 -->
      </class> <!-- samplePackage.FirstMavenClass -->
    </test> <!-- Test -->
  </suite> <!-- Suite -->
</testng-results>
