<?xml version="1.0" encoding="UTF-8"?>
<testng-results skipped="0" failed="0" ignored="0" total="3" passed="3">
  <reporter-output>
  </reporter-output>
  <suite name="Default suite" duration-ms="7558" started-at="2020-02-01T10:20:23Z" finished-at="2020-02-01T10:20:30Z">
    <groups>
    </groups>
    <test name="Default test" duration-ms="7558" started-at="2020-02-01T10:20:23Z" finished-at="2020-02-01T10:20:30Z">
      <class name="apiTesting.FirstAPIScript">
        <test-method status="PASS" signature="createUser()[pri:0, instance:apiTesting.FirstAPIScript@4678c730]" name="createUser" duration-ms="6480" started-at="2020-02-01T15:50:23Z" finished-at="2020-02-01T15:50:29Z">
          <reporter-output>
          </reporter-output>
        </test-method> <!-- createUser -->
        <test-method status="PASS" signature="getRecords()[pri:0, instance:apiTesting.FirstAPIScript@4678c730]" name="getRecords" duration-ms="137" started-at="2020-02-01T15:50:29Z" finished-at="2020-02-01T15:50:30Z">
          <reporter-output>
          </reporter-output>
        </test-method> <!-- getRecords -->
        <test-method status="PASS" signature="updateRecord()[pri:0, instance:apiTesting.FirstAPIScript@4678c730]" name="updateRecord" duration-ms="893" started-at="2020-02-01T15:50:30Z" depends-on-methods="apiTesting.FirstAPIScript.createUser" finished-at="2020-02-01T15:50:30Z">
          <reporter-output>
          </reporter-output>
        </test-method> <!-- updateRecord -->
      </class> <!-- apiTesting.FirstAPIScript -->
    </test> <!-- Default test -->
  </suite> <!-- Default suite -->
</testng-results>
