<?xml version="1.0" encoding="UTF-8"?>
<!-- Generated by org.testng.reporters.JUnitXMLReporter -->
<testsuite hostname="DERIW42SLPC1327" ignored="0" name="Default test" tests="3" failures="0" timestamp="01 Feb 2020 10:20:31 GMT" time="7.558" errors="0">
  <testcase name="createUser" time="6.48" classname="apiTesting.FirstAPIScript"/>
  <testcase name="getRecords" time="0.137" classname="apiTesting.FirstAPIScript"/>
  <testcase name="updateRecord" time="0.893" classname="apiTesting.FirstAPIScript"/>
</testsuite> <!-- Default test -->
