<?xml version="1.0" encoding="UTF-8"?>
<!-- Generated by org.testng.reporters.JUnitXMLReporter -->
<testsuite hostname="DERIW42SLPC1327" ignored="0" name="Module 3" tests="4" failures="0" timestamp="18 Jan 2020 09:58:05 GMT" time="0.025" errors="0">
  <testcase name="test1" time="0.001" classname="module3.Test1Module3"/>
  <testcase name="test2" time="0.003" classname="module3.Test1Module3"/>
  <testcase name="test1" time="0.001" classname="module3.Test2Module3"/>
  <testcase name="test2" time="0.002" classname="module3.Test2Module3"/>
</testsuite> <!-- Module 3 -->
