<?xml version="1.0" encoding="UTF-8"?>
<!-- Generated by org.testng.reporters.JUnitXMLReporter -->
<testsuite hostname="DERIW42SLPC1327" ignored="0" name="Module 2" tests="4" failures="0" timestamp="18 Jan 2020 09:58:05 GMT" time="0.042" errors="0">
  <testcase name="test1" time="0.002" classname="module2.Test1Module2"/>
  <testcase name="test2" time="0.003" classname="module2.Test1Module2"/>
  <testcase name="test1" time="0.003" classname="module2.Test2Module2"/>
  <testcase name="test2" time="0.004" classname="module2.Test2Module2"/>
</testsuite> <!-- Module 2 -->
