<?xml version="1.0" encoding="UTF-8"?>
<!-- Generated by org.testng.reporters.JUnitXMLReporter -->
<testsuite hostname="DERIW42SLPC1327" ignored="0" name="Module 1" tests="4" failures="0" timestamp="18 Jan 2020 09:58:05 GMT" time="0.094" errors="0">
  <testcase name="test1" time="0.008" classname="module1.Test1Module1"/>
  <testcase name="test2" time="0.003" classname="module1.Test1Module1"/>
  <testcase name="test1" time="0.004" classname="module1.Test2Module1"/>
  <testcase name="test2" time="0.008" classname="module1.Test2Module1"/>
</testsuite> <!-- Module 1 -->
