<?xml version="1.0" encoding="UTF-8"?>
<!-- Generated by org.testng.reporters.JUnitXMLReporter -->
<testsuite hostname="DERIW42SLPC1327" ignored="0" name="Testing testng.xml" tests="3" failures="1" timestamp="18 Jan 2020 09:40:08 GMT" time="0.094" errors="0">
  <testcase name="test1" time="0.021" classname="basicAnnotations.TestNGClass1"/>
  <testcase name="test2" time="0.003" classname="basicAnnotations.TestNGClass1">
    <failure type="java.lang.ArithmeticException">
      <![CDATA[java.lang.ArithmeticExceptionat basicAnnotations.TestNGClass1.test2(TestNGClass1.java:18)... Removed 25 stack frames]]>
    </failure>
  </testcase> <!-- test2 -->
  <testcase name="test3" time="0.004" classname="basicAnnotations.TestNGClass1">
    <skipped/>
  </testcase> <!-- test3 -->
</testsuite> <!-- Testing testng.xml -->
