<?xml version="1.0" encoding="UTF-8"?>
<testng-results skipped="0" failed="0" ignored="0" total="2" passed="2">
  <reporter-output>
  </reporter-output>
  <suite name="Default suite" duration-ms="25042" started-at="2020-01-25T10:14:02Z" finished-at="2020-01-25T10:14:27Z">
    <groups>
    </groups>
    <test name="Default test" duration-ms="25042" started-at="2020-01-25T10:14:02Z" finished-at="2020-01-25T10:14:27Z">
      <class name="testScripts.VerifyFlightBooking">
        <test-method status="PASS" signature="initialize()[pri:0, instance:testScripts.VerifyFlightBooking@6f7fd0e6]" name="initialize" is-config="true" duration-ms="14447" started-at="2020-01-25T15:44:02Z" finished-at="2020-01-25T15:44:17Z">
          <reporter-output>
          </reporter-output>
        </test-method> <!-- initialize -->
        <test-method status="PASS" signature="verifyLoginFunctionality()[pri:0, instance:testScripts.VerifyFlightBooking@6f7fd0e6]" name="verifyLoginFunctionality" duration-ms="9250" started-at="2020-01-25T15:44:17Z" finished-at="2020-01-25T15:44:26Z">
          <reporter-output>
          </reporter-output>
        </test-method> <!-- verifyLoginFunctionality -->
        <test-method status="PASS" signature="selectFlightDetails()[pri:0, instance:testScripts.VerifyFlightBooking@6f7fd0e6]" name="selectFlightDetails" duration-ms="1275" started-at="2020-01-25T15:44:26Z" depends-on-methods="testScripts.VerifyFlightBooking.verifyLoginFunctionality" finished-at="2020-01-25T15:44:27Z">
          <reporter-output>
          </reporter-output>
        </test-method> <!-- selectFlightDetails -->
        <test-method status="PASS" signature="closeBrowser()[pri:0, instance:testScripts.VerifyFlightBooking@6f7fd0e6]" name="closeBrowser" is-config="true" duration-ms="1" started-at="2020-01-25T15:44:27Z" finished-at="2020-01-25T15:44:27Z">
          <reporter-output>
          </reporter-output>
        </test-method> <!-- closeBrowser -->
      </class> <!-- testScripts.VerifyFlightBooking -->
    </test> <!-- Default test -->
  </suite> <!-- Default suite -->
</testng-results>
